<?xml version="1.0" encoding="UTF-8"?>
<!-- Generated by org.testng.reporters.JUnitXMLReporter -->
<testsuite ignored="0" hostname="LAPTOP-8D0MBPQA" failures="0" tests="5" name="Test" time="18.953" errors="0" timestamp="2024-03-31T17:16:38 IST">
  <testcase classname="tests.LoginTest" name="login" time="1.5"/>
  <testcase classname="tests.LoginTest" name="login" time="11.061"/>
  <testcase classname="tests.TwoTest" name="twoTest" time="0.002"/>
  <testcase classname="tests.ThreeTest" name="threeTest" time="0.0"/>
  <testcase classname="tests.FourTest" name="fourTest" time="0.0"/>
</testsuite> <!-- Test -->
