<?xml version="1.0" encoding="UTF-8"?>
<!-- Generated by org.testng.reporters.JUnitXMLReporter -->
<testsuite ignored="0" hostname="LAPTOP-8D0MBPQA" failures="0" tests="5" name="Test" time="19.486" errors="0" timestamp="2024-03-31T15:32:00 IST">
  <testcase classname="tests.LoginTest" name="login" time="1.452"/>
  <testcase classname="tests.LoginTest" name="login" time="11.138"/>
  <testcase classname="tests.TwoTest" name="twoTest" time="0.0"/>
  <testcase classname="tests.ThreeTest" name="threeTest" time="0.0"/>
  <testcase classname="tests.FourTest" name="fourTest" time="0.0"/>
</testsuite> <!-- Test -->
